"../../../PlatformingPrototype/Content/Welsh_Forest.uasset" 0
"../../../PlatformingPrototype/Content/ForestPortal.uasset" 1
"../../../PlatformingPrototype/Content/Anim/idle_Skeleton.uasset" 2
"../../../PlatformingPrototype/Content/Anim/JumpWorking_Anim_Take_001.uasset" 3
"../../../PlatformingPrototype/Content/Anim/idle_Anim.uasset" 4
"../../../PlatformingPrototype/Content/Anim/Walk_Anim.uasset" 5
"../../../PlatformingPrototype/Content/Anim/Walk_Skeleton.uasset" 6
"../../../PlatformingPrototype/Content/Anim/NewAnimBlueprint.uasset" 7
"../../../PlatformingPrototype/Content/Anim/Walk_PhysicsAsset.uasset" 8
"../../../PlatformingPrototype/Content/Art_Assets/fence1.uasset" 9
"../../../PlatformingPrototype/Content/Art_Assets/fence2.uasset" 10
"../../../PlatformingPrototype/Content/Art_Assets/lambert2.uasset" 11
"../../../PlatformingPrototype/Content/Art_Assets/Fence.uasset" 12
"../../../PlatformingPrototype/Content/Art_Assets/M_fance.uasset" 13
"../../../PlatformingPrototype/Content/Art_Assets/lambert1.uasset" 14
"../../../PlatformingPrototype/Content/Art_Assets/Portal_Stone2.uasset" 15
"../../../Engine/Content/Functions/Engine_MaterialFunctions01/WorldPositionOffset/SimpleGrassWind.uasset" 16
"../../../PlatformingPrototype/Content/Art_Assets/Free_Assets/Env_Plains_Flora/Textures/T_Plains_Fern01_D.uasset" 17
"../../../PlatformingPrototype/Content/Art_Assets/Free_Assets/Env_Plains_Flora/Textures/T_Plains_Fern01_N.uasset" 18
"../../../PlatformingPrototype/Content/Art_Assets/Free_Assets/Env_Plains_Flora/Materials/M_PLains_Fern01.uasset" 19
"../../../PlatformingPrototype/Content/Art_Assets/Free_Assets/Env_Plains_Flora/StaticMesh/SM_Plains_Fern01.uasset" 20
"../../../PlatformingPrototype/Content/Art_Assets/Free_Assets/Env_Plains_Flora/StaticMesh/SM_Plains_Fern02.uasset" 21
"../../../PlatformingPrototype/Content/Art_Assets/Free_Assets/Env_Plains_Flora/StaticMesh/SM_Plains_Fern03.uasset" 22
"../../../PlatformingPrototype/Content/Art_Assets/Free_Assets/Env_Plains_Flora/StaticMesh/SM_Plains_Fern04.uasset" 23
"../../../PlatformingPrototype/Content/Art_Assets/Free_Assets/Env_Plains_Flora/StaticMesh/SM_Plains_Flowers01.uasset" 24
"../../../PlatformingPrototype/Content/Art_Assets/Free_Assets/Env_Plains_Flora/StaticMesh/SM_Plains_Flowers02.uasset" 25
"../../../PlatformingPrototype/Content/Art_Assets/Free_Assets/Env_Plains_Flora/StaticMesh/SM_Plains_Flowers03.uasset" 26
"../../../PlatformingPrototype/Content/Art_Assets/Free_Assets/Env_Plains_Flora/StaticMesh/SM_Plains_Flowers04.uasset" 27
"../../../PlatformingPrototype/Content/Art_Assets/Free_Assets/Env_Plains_Flora/StaticMesh/SM_Plains_Grass01.uasset" 28
"../../../PlatformingPrototype/Content/Art_Assets/Free_Assets/Env_Plains_Flora/StaticMesh/SM_Plains_Tree01.uasset" 29
"../../../PlatformingPrototype/Content/Art_Assets/Free_Assets/Env_Plains_Flora/StaticMesh/SM_Plains_Tree_Branch02.uasset" 30
"../../../PlatformingPrototype/Content/Art_Assets/Free_Assets/Env_Plains_Flora/StaticMesh/SM_Plains_Vine01.uasset" 31
"../../../PlatformingPrototype/Content/Art_Assets/Free_Assets/Env_Plains_Flora/StaticMesh/SM_Plains_Vine02.uasset" 32
"../../../PlatformingPrototype/Content/Art_Assets/Free_Assets/Env_Plains_Organic/Textures/T_Plains_Cliff001.uasset" 33
"../../../PlatformingPrototype/Content/Art_Assets/Free_Assets/Env_Plains_Organic/Textures/T_Plains_Cliff01.uasset" 34
"../../../PlatformingPrototype/Content/Art_Assets/Free_Assets/Env_Plains_Organic/Materials/M_Plains_Cliff1.uasset" 35
"../../../PlatformingPrototype/Content/Art_Assets/Free_Assets/Env_Plains_Organic/Materials/M_Plains_Ocean.uasset" 36
"../../../PlatformingPrototype/Content/Art_Assets/Free_Assets/Env_Plains_Organic/Materials/M_Plains_SmallRock.uasset" 37
"../../../PlatformingPrototype/Content/Art_Assets/Free_Assets/Env_Plains_Organic/StaticMesh/SM_Plains_LargeRock01.uasset" 38
"../../../PlatformingPrototype/Content/Art_Assets/Free_Assets/Env_Plains_Organic/StaticMesh/SM_Plains_LargeRock02.uasset" 39
"../../../PlatformingPrototype/Content/Art_Assets/Free_Assets/Env_Plains_Organic/StaticMesh/SM_Plains_LargeRock03.uasset" 40
"../../../PlatformingPrototype/Content/Art_Assets/Free_Assets/Env_Plains_Organic/StaticMesh/SM_Plains_LargeRock_CliffEdge.uasset" 41
"../../../PlatformingPrototype/Content/Art_Assets/Free_Assets/Env_Plains_Organic/StaticMesh/SM_Plains_LargeRock_CliffEdgeSm.uasset" 42
"../../../PlatformingPrototype/Content/Art_Assets/Free_Assets/Env_Plains_Organic/StaticMesh/SM_Plains_LargeRock_Pile01.uasset" 43
"../../../PlatformingPrototype/Content/Art_Assets/Free_Assets/Env_Plains_Organic/StaticMesh/SM_Plains_LargeRock_SpireLOD.uasset" 44
"../../../PlatformingPrototype/Content/Art_Assets/Free_Assets/Env_Plains_Organic/StaticMesh/SM_Plains_LargeRock_SpireLOD4.uasset" 45
"../../../PlatformingPrototype/Content/Art_Assets/Free_Assets/Env_Plains_Organic/StaticMesh/SM_Plains_LargeRock_SpireLOD5.uasset" 46
"../../../PlatformingPrototype/Content/Art_Assets/Free_Assets/Env_Plains_Organic/StaticMesh/SM_Plains_SmallRock01.uasset" 47
"../../../Engine/Content/Functions/Engine_MaterialFunctions01/Opacity/CameraDepthFade.uasset" 48
"../../../Engine/Content/EngineMaterials/T_Default_Material_Grid_M.uasset" 49
"../../../Engine/Content/EngineMaterials/T_Default_Material_Grid_N.uasset" 50
"../../../Engine/Content/EngineMaterials/WorldGridMaterial.uasset" 51
"../../../PlatformingPrototype/Content/Art_Assets/Free_Assets/Env_Plains_Organic/StaticMesh/SM_WaterPlain.uasset" 52
"../../../PlatformingPrototype/Content/Art_Assets/Free_Assets/Env_Plains_Organic/Textures/T_Env_Ice_Ground_Rock_4_N.uasset" 53
"../../../PlatformingPrototype/Content/Art_Assets/Free_Assets/Env_Plains_Organic/Textures/T_Env_Snow_D.uasset" 54
"../../../PlatformingPrototype/Content/Art_Assets/Free_Assets/Env_Plains_Organic/Textures/T_Ice_Ground_Rock01_N.uasset" 55
"../../../PlatformingPrototype/Content/Art_Assets/Free_Assets/Env_Plains_Organic/Textures/T_Plains_Rock01_D.uasset" 56
"../../../PlatformingPrototype/Content/Art_Assets/Free_Assets/Env_Plains_Organic/Textures/T_Plains_Rock01_N.uasset" 57
"../../../PlatformingPrototype/Content/Art_Assets/Free_Assets/Env_Plains_Organic/Textures/T_Snow_Ice_Generic.uasset" 58
"../../../PlatformingPrototype/Content/Art_Assets/Free_Assets/Env_Plains_Organic/Textures/T_Snow_Ice_Generic_NRM.uasset" 59
"../../../PlatformingPrototype/Content/Art_Assets/Free_Assets/Env_Plains_Organic/Textures/T_Snow_Mountain_Clouds.uasset" 60
"../../../PlatformingPrototype/Content/Art_Assets/Free_Assets/InfinityBladeGrassLands/Effects/FX_Ambient/Fog/P_Dust_groundCoat.uasset" 61
"../../../PlatformingPrototype/Content/Art_Assets/Free_Assets/InfinityBladeGrassLands/Effects/FX_Ambient/Fog/P_Dust_light.uasset" 62
"../../../PlatformingPrototype/Content/Art_Assets/Free_Assets/InfinityBladeGrassLands/Effects/FX_Ambient/leaves/P_DeadLeaves_Blow_Loop.uasset" 63
"../../../PlatformingPrototype/Content/Art_Assets/Free_Assets/InfinityBladeGrassLands/Effects/FX_Ambient/leaves/P_DeadLeaves_Blow_Masked_FIX.uasset" 64
"../../../PlatformingPrototype/Content/Art_Assets/Free_Assets/InfinityBladeGrassLands/Effects/FX_Ambient/UI_MainMenu/P_UserDestination.uasset" 65
"../../../PlatformingPrototype/Content/Art_Assets/Free_Assets/InfinityBladeGrassLands/Effects/FX_Ambient/Water/P_Water_Fountain_Splash_01.uasset" 66
"../../../PlatformingPrototype/Content/Art_Assets/Free_Assets/InfinityBladeGrassLands/Effects/FX_Ambient/Water/P_Water_Fountain_Splash_Base_01.uasset" 67
"../../../PlatformingPrototype/Content/Art_Assets/Free_Assets/InfinityBladeGrassLands/Effects/FX_Materials/M_GoldBag.uasset" 68
"../../../PlatformingPrototype/Content/Art_Assets/Free_Assets/InfinityBladeGrassLands/Effects/FX_Materials/M_PostSharpen.uasset" 69
"../../../PlatformingPrototype/Content/Art_Assets/Free_Assets/InfinityBladeGrassLands/Effects/FX_Materials/M_PostSharpen_Inst.uasset" 70
"../../../PlatformingPrototype/Content/Art_Assets/Free_Assets/InfinityBladeGrassLands/Effects/FX_Materials/Env/M_LeafFlip_Trans_6X6_INST.uasset" 71
"../../../PlatformingPrototype/Content/Art_Assets/Free_Assets/InfinityBladeGrassLands/Effects/FX_Materials/Env/M_Treasure_Gold_Add_2sided.uasset" 72
"../../../PlatformingPrototype/Content/Art_Assets/Free_Assets/InfinityBladeGrassLands/Effects/FX_Materials/Gradient/M_Flare_04_INST.uasset" 73
"../../../PlatformingPrototype/Content/Art_Assets/Free_Assets/InfinityBladeGrassLands/Effects/FX_Materials/ICE/M_Ice_Solid_01_INST.uasset" 74
"../../../PlatformingPrototype/Content/Art_Assets/Free_Assets/InfinityBladeGrassLands/Effects/FX_Materials/ICE/M_Snow_01_INST.uasset" 75
"../../../PlatformingPrototype/Content/Art_Assets/Free_Assets/InfinityBladeGrassLands/Effects/FX_Materials/Liquid/M_Liquid_Spray_01_4X6_INST.uasset" 76
"../../../PlatformingPrototype/Content/Art_Assets/Free_Assets/InfinityBladeGrassLands/Effects/FX_Materials/Liquid/M_Water_fountain_01.uasset" 77
"../../../PlatformingPrototype/Content/Art_Assets/Free_Assets/InfinityBladeGrassLands/Effects/FX_Materials/Smoke/M_Smoke_02_Trans_6X6_INST.uasset" 78
"../../../PlatformingPrototype/Content/Art_Assets/Free_Assets/InfinityBladeGrassLands/Effects/FX_Meshes/Env/SM_Plains_Fountain_02.uasset" 79
"../../../PlatformingPrototype/Content/Art_Assets/Free_Assets/InfinityBladeGrassLands/Effects/FX_Meshes/Env/SM_TreasureChest_Gold.uasset" 80
"../../../PlatformingPrototype/Content/Art_Assets/Free_Assets/InfinityBladeGrassLands/Effects/FX_Meshes/Env/SM_Treasure_Coin.uasset" 81
"../../../PlatformingPrototype/Content/Art_Assets/Free_Assets/InfinityBladeGrassLands/Effects/FX_Meshes/ICE/SM_IceWall_TraceMagic.uasset" 82
"../../../PlatformingPrototype/Content/Art_Assets/Free_Assets/InfinityBladeGrassLands/Effects/FX_Mobile/ICE/combat/P_Buff_ShoutFreeze_02.uasset" 83
"../../../PlatformingPrototype/Content/Art_Assets/Free_Assets/InfinityBladeGrassLands/Effects/FX_Textures/Env/T_LeafFlip_6X6_01.uasset" 84
"../../../PlatformingPrototype/Content/Art_Assets/Free_Assets/InfinityBladeGrassLands/Effects/FX_Textures/Env/T_Pickup_GoldBag_D.uasset" 85
"../../../PlatformingPrototype/Content/Art_Assets/Free_Assets/InfinityBladeGrassLands/Effects/FX_Textures/Env/T_Pickup_GoldBag_N.uasset" 86
"../../../PlatformingPrototype/Content/Art_Assets/Free_Assets/InfinityBladeGrassLands/Effects/FX_Textures/Env/T_Plains_Fountain_Water_01.uasset" 87
"../../../PlatformingPrototype/Content/Art_Assets/Free_Assets/InfinityBladeGrassLands/Effects/FX_Textures/Gradient/T_starFlare_03.uasset" 88
"../../../PlatformingPrototype/Content/Art_Assets/Free_Assets/InfinityBladeGrassLands/Effects/FX_Textures/Gradient/T_SwipeTrail.uasset" 89
"../../../PlatformingPrototype/Content/Art_Assets/Free_Assets/InfinityBladeGrassLands/Effects/FX_Textures/Ice/T_Sparkle_Flakes.uasset" 90
"../../../PlatformingPrototype/Content/Art_Assets/Free_Assets/InfinityBladeGrassLands/Effects/FX_Textures/Liquid/T_bloodTest_4X6.uasset" 91
"../../../PlatformingPrototype/Content/Art_Assets/Free_Assets/InfinityBladeGrassLands/Effects/FX_Textures/Smoke/T_Smoke_subUV_01.uasset" 92
"../../../PlatformingPrototype/Content/Art_Assets/Free_Assets/InfinityBladeGrassLands/Effects/FX_Textures/Texture/T_Ice_Mesh02b.uasset" 93
"../../../PlatformingPrototype/Content/Art_Assets/Free_Assets/InfinityBladeGrassLands/Effects/FX_Textures/Tile/T_Black_32.uasset" 94
"../../../PlatformingPrototype/Content/Art_Assets/Free_Assets/InfinityBladeGrassLands/Effects/FX_Treasure/Chest/P_TreasureChest_Open_Mesh.uasset" 95
"../../../Engine/Content/EngineResources/Black.uasset" 96
"../../../PlatformingPrototype/Content/Art_Assets/Free_Assets/InfinityBladeGrassLands/Effects/Masters/M_Add_Sprite_Master.uasset" 97
"../../../PlatformingPrototype/Content/Art_Assets/Free_Assets/InfinityBladeGrassLands/Effects/Masters/M_Opaque_MeshEmit_Emis_Master.uasset" 98
"../../../PlatformingPrototype/Content/Art_Assets/Free_Assets/InfinityBladeGrassLands/Effects/Masters/M_Trans_Sprite_Master_DepthFade.uasset" 99
"../../../PlatformingPrototype/Content/Art_Assets/Free_Assets/InfinityBladeGrassLands/Effects/Masters/M_Trans_Sprite_SubUV_Master.uasset" 100
"../../../PlatformingPrototype/Content/Art_Assets/Free_Assets/InfinityBladeGrassLands/Effects/Masters/M_Trans_Sprite_SubUV_Master_DepthFade.uasset" 101
"../../../PlatformingPrototype/Content/Art_Assets/Rocks/initialShadingGroup.uasset" 102
"../../../PlatformingPrototype/Content/Art_Assets/Skybox/atmosphere.uasset" 103
"../../../PlatformingPrototype/Content/Art_Assets/Skybox/atmospher_mat.uasset" 104
"../../../PlatformingPrototype/Content/Art_Assets/Skybox/Moon_Tex.uasset" 105
"../../../PlatformingPrototype/Content/Art_Assets/Skybox/lambert4.uasset" 106
"../../../PlatformingPrototype/Content/Art_Assets/Skybox/Moon.uasset" 107
"../../../PlatformingPrototype/Content/Art_Assets/Skybox/Moon_Mat.uasset" 108
"../../../PlatformingPrototype/Content/Art_Assets/UI_test/Welsh_Forest.uasset" 109
"../../../PlatformingPrototype/Content/Audio/Background_Music/Arctic_Background_Music.uasset" 110
"../../../PlatformingPrototype/Content/Audio/Background_Music/Arctic_Background_Music_Cue.uasset" 111
"../../../PlatformingPrototype/Content/Audio/Background_Music/Desert_Background_Music.uasset" 112
"../../../PlatformingPrototype/Content/Audio/Background_Music/Desert_Background_Music_Cue.uasset" 113
"../../../PlatformingPrototype/Content/Audio/Background_Music/Forest_Background_Music.uasset" 114
"../../../PlatformingPrototype/Content/Audio/Background_Music/Forest_Background_Music_Cue.uasset" 115
"../../../PlatformingPrototype/Content/Geometry/LV_0_Town-Buildings/lambert1.uasset" 116
"../../../PlatformingPrototype/Content/Geometry/LV_0_Town-Buildings/Statue.uasset" 117
"../../../PlatformingPrototype/Content/Geometry/Meshes/CubeMaterial.uasset" 118
"../../../PlatformingPrototype/Content/Geometry/Meshes/TemplateFloor.uasset" 119
"../../../PlatformingPrototype/Content/Mannequin/Character/Mesh/UE4_Mannequin_Skeleton.uasset" 120
"../../../PlatformingPrototype/Content/Mannequin/Animations/ThirdPersonJump_End.uasset" 121
"../../../PlatformingPrototype/Content/Mannequin/Animations/ThirdPerson_Jump.uasset" 122
"../../../PlatformingPrototype/Content/Mannequin/Animations/ThirdPersonJump_Loop.uasset" 123
"../../../PlatformingPrototype/Content/Mannequin/Animations/ThirdPersonJump_Start.uasset" 124
"../../../PlatformingPrototype/Content/Mannequin/Animations/ThirdPersonIdle.uasset" 125
"../../../PlatformingPrototype/Content/Mannequin/Animations/ThirdPersonRun.uasset" 126
"../../../PlatformingPrototype/Content/Mannequin/Animations/ThirdPersonWalk.uasset" 127
"../../../PlatformingPrototype/Content/Mannequin/Animations/ThirdPerson_IdleRun_2D.uasset" 128
"../../../Engine/Content/EditorBlueprintResources/StandardMacros.uasset" 129
"../../../PlatformingPrototype/Content/Mannequin/Animations/ThirdPerson_AnimBP.uasset" 130
"../../../PlatformingPrototype/Content/Material/fabric.uasset" 131
"../../../PlatformingPrototype/Content/Material/Welsh_Forest.uasset" 132
"../../../PlatformingPrototype/Content/Material/ForestPortal.uasset" 133
"../../../Engine/Content/Functions/Engine_MaterialFunctions02/Fresnel_Function.uasset" 134
"../../../PlatformingPrototype/Content/Material/Glow.uasset" 135
"../../../PlatformingPrototype/Content/Material/wood_road_light_fog_morning_beams_secret_47225_2560x1440.uasset" 136
"../../../PlatformingPrototype/Content/ThirdPerson/Meshes/RampMaterial.uasset" 137
"../../../PlatformingPrototype/Content/ThirdPerson/Meshes/Bump_StaticMesh.uasset" 138
"../../../Engine/Content/EditorMaterials/Cascade/CASC_Cross.uasset" 139
"../../../Engine/Content/EditorMaterials/Cascade/CASC_None.uasset" 140
"../../../Engine/Content/Functions/Engine_MaterialFunctions03/Blends/Blend_Overlay.uasset" 141
"../../../PlatformingPrototype/Content/Material/alpha.uasset" 142
"../../../PlatformingPrototype/Content/Material/normal.uasset" 143
"../../../PlatformingPrototype/Content/Material/Scanlines_T.uasset" 144
"../../../PlatformingPrototype/Content/Material/Astral.uasset" 145
"../../../Engine/Content/EngineMaterials/DefaultMaterial.uasset" 146
"../../../Engine/Content/BasicShapes/Sphere.uasset" 147
"../../../PlatformingPrototype/Content/ThirdPersonBP/Blueprints/PortalTriggerBox_Blueprint.uasset" 148
"../../../PlatformingPrototype/Content/ThirdPersonBP/Blueprints/PortalTrigger_1_Blueprint.uasset" 149
"../../../Engine/Content/BasicShapes/Cone.uasset" 150
"../../../Engine/Content/BasicShapes/Plane.uasset" 151
"../../../Engine/Content/EditorLandscapeResources/DataLayer.uasset" 152
"../../../Engine/Content/EditorMaterials/GizmoMaterial.uasset" 153
"../../../Engine/Content/EditorMaterials/MAT_Groups_Toggle.uasset" 154
"../../../Engine/Content/EditorMaterials/MAT_Groups_Visibility.uasset" 155
"../../../Engine/Content/EditorMaterials/PreviewShadowIndicator.uasset" 156
"../../../Engine/Content/EditorMaterials/PreviewShadowIndicatorMaterial.uasset" 157
"../../../Engine/Content/EditorMaterials/AssetViewer/EpicQuadPanorama_CC+EV1.uasset" 158
"../../../Engine/Content/EditorMaterials/MatineeGroups/MAT_ColorTrack.uasset" 159
"../../../Engine/Content/EditorMaterials/MatineeGroups/MAT_Groups_Anim.uasset" 160
"../../../Engine/Content/EditorMaterials/MatineeGroups/MAT_Groups_AudioMaster.uasset" 161
"../../../Engine/Content/EditorMaterials/MatineeGroups/MAT_Groups_Director.uasset" 162
"../../../Engine/Content/EditorMaterials/MatineeGroups/MAT_Groups_Event.uasset" 163
"../../../Engine/Content/EditorMaterials/MatineeGroups/MAT_Groups_Fade.uasset" 164
"../../../Engine/Content/EditorMaterials/MatineeGroups/MAT_Groups_Float.uasset" 165
"../../../Engine/Content/EditorMaterials/MatineeGroups/MAT_Groups_Move.uasset" 166
"../../../Engine/Content/EditorMaterials/MatineeGroups/MAT_Groups_Slomo.uasset" 167
"../../../Engine/Content/EditorMaterials/MatineeGroups/MAT_Groups_Sound.uasset" 168
"../../../Engine/Content/EditorMaterials/MatineeGroups/MAT_Groups_Vector.uasset" 169
"../../../Engine/Content/EditorMaterials/ParticleSystems/PSysThumbnail_NoImage.uasset" 170
"../../../Engine/Content/EditorMaterials/ParticleSystems/PSysThumbnail_OOD.uasset" 171
"../../../Engine/Content/EditorMaterials/Camera/CineMat.uasset" 172
"../../../Engine/Content/EditorMaterials/Camera/MI_CineMat_Rig.uasset" 173
"../../../Engine/Content/EditorMeshes/Camera/SM_CraneRig_Arm.uasset" 174
"../../../Engine/Content/EditorMeshes/Camera/SM_CraneRig_Base.uasset" 175
"../../../Engine/Content/EditorMeshes/Camera/SM_CraneRig_Body.uasset" 176
"../../../Engine/Content/EditorMeshes/Camera/SM_CraneRig_Mount.uasset" 177
"../../../Engine/Content/EditorMeshes/Camera/SM_RailRig_Mount.uasset" 178
"../../../Engine/Content/EditorMeshes/Camera/SM_RailRig_Track.uasset" 179
"../../../Engine/Content/EditorMeshes/ColorCalibrator/M_ChromeBall.uasset" 180
"../../../Engine/Content/EditorMeshes/ColorCalibrator/M_ClearCoat.uasset" 181
"../../../Engine/Content/EditorMeshes/ColorCalibrator/M_ClearCoatBlack.uasset" 182
"../../../Engine/Content/EditorMeshes/ColorCalibrator/T_ColorGrid.uasset" 183
"../../../Engine/Content/EditorMeshes/ColorCalibrator/M_ColorGrid.uasset" 184
"../../../Engine/Content/EditorMeshes/ColorCalibrator/M_GreyBall.uasset" 185
"../../../Engine/Content/EditorMeshes/ColorCalibrator/SM_ColorCalibrator.uasset" 186
"../../../Engine/Content/EditorResources/BSPVertex.uasset" 187
"../../../Engine/Content/EditorResources/EmptyActor.uasset" 188
"../../../Engine/Content/EditorResources/S_Actor.uasset" 189
"../../../Engine/Content/EditorResources/S_Trigger.uasset" 190
"../../../Engine/Content/EditorResources/AudioIcons/S_AudioComponent_AutoActivate.uasset" 191
"../../../Engine/Content/EditorResources/LightIcons/S_LightError.uasset" 192
"../../../Engine/Content/EditorResources/SequenceRecorder/Countdown.uasset" 193
"../../../Engine/Content/EditorResources/SequenceRecorder/RecordingIndicator.uasset" 194
"../../../Engine/Content/EditorSounds/Notifications/CompileFailed.uasset" 195
"../../../Engine/Content/EditorSounds/Notifications/CompileFailed_Cue.uasset" 196
"../../../Engine/Content/EditorSounds/Notifications/CompileSuccess.uasset" 197
"../../../Engine/Content/EditorSounds/Notifications/CompileStart_Cue.uasset" 198
"../../../Engine/Content/EditorSounds/Notifications/CompileSuccess_Cue.uasset" 199
"../../../Engine/Content/EngineDamageTypes/DmgTypeBP_Environmental.uasset" 200
"../../../Engine/Content/EngineDebugMaterials/HeatmapGradient.uasset" 201
"../../../Engine/Content/EngineDebugMaterials/BoneWeightMaterial.uasset" 202
"../../../Engine/Content/EngineDebugMaterials/ClothMaterial.uasset" 203
"../../../Engine/Content/EngineDebugMaterials/ClothMaterial_WF.uasset" 204
"../../../Engine/Content/EngineDebugMaterials/DebugEditorMaterial.uasset" 205
"../../../Engine/Content/EngineDebugMaterials/DebugMeshMaterial.uasset" 206
"../../../Engine/Content/EngineDebugMaterials/GeomMaterial.uasset" 207
"../../../Engine/Content/EngineFonts/Faces/RobotoBold.uasset" 208
"../../../Engine/Content/EngineFonts/Faces/RobotoBoldItalic.uasset" 209
"../../../Engine/Content/EngineFonts/Faces/RobotoItalic.uasset" 210
"../../../Engine/Content/EngineFonts/Faces/RobotoLight.uasset" 211
"../../../Engine/Content/EngineFonts/Faces/RobotoRegular.uasset" 212
"../../../Engine/Content/EngineFonts/Roboto.uasset" 213
"../../../Engine/Content/EngineFonts/Faces/RobotoTiny.uasset" 214
"../../../Engine/Content/EngineFonts/RobotoTiny.uasset" 215
"../../../Engine/Content/EngineMaterials/DefaultBloomKernel.uasset" 216
"../../../Engine/Content/EngineMaterials/DefaultBokeh.uasset" 217
"../../../Engine/Content/EngineMaterials/DefaultDiffuse.uasset" 218
"../../../Engine/Content/EngineMaterials/DefaultDeferredDecalMaterial.uasset" 219
"../../../Engine/Content/EngineMaterials/DefaultLightFunctionMaterial.uasset" 220
"../../../Engine/Content/Functions/Engine_MaterialFunctions02/Utility/BreakOutFloat2Components.uasset" 221
"../../../Engine/Content/EngineMaterials/DefaultPostProcessMaterial.uasset" 222
"../../../Engine/Content/EngineFonts/RobotoDistanceField.uasset" 223
"../../../Engine/Content/EngineMaterials/DefaultTextMaterialOpaque.uasset" 224
"../../../Engine/Content/EngineMaterials/DefaultWhiteGrid.uasset" 225
"../../../Engine/Content/EngineMaterials/EditorBrushMaterial.uasset" 226
"../../../Engine/Content/EngineMaterials/Good64x64TilingNoiseHighFreq.uasset" 227
"../../../Engine/Content/EngineMaterials/MiniFont.uasset" 228
"../../../Engine/Content/EngineMaterials/InvalidLightmapSettings.uasset" 229
"../../../Engine/Content/EngineMaterials/M_InvalidLightmapSettings.uasset" 230
"../../../Engine/Content/EngineMaterials/PhAT_JointLimitMaterial.uasset" 231
"../../../Engine/Content/EngineMaterials/PreintegratedSkinBRDF.uasset" 232
"../../../Engine/Content/EngineMaterials/RemoveSurfaceMaterial.uasset" 233
"../../../Engine/Content/EngineMaterials/WeightMapPlaceholderTexture.uasset" 234
"../../../Engine/Content/EngineResources/WhiteSquareTexture.uasset" 235
"../../../Engine/Content/EngineMaterials/Widget3DPassThrough.uasset" 236
"../../../Engine/Content/EngineMaterials/Widget3DPassThrough_Masked.uasset" 237
"../../../Engine/Content/EngineMaterials/Widget3DPassThrough_Opaque.uasset" 238
"../../../Engine/Content/EngineMaterials/Widget3DPassThrough_Masked_OneSided.uasset" 239
"../../../Engine/Content/EngineMaterials/Widget3DPassThrough_Opaque_OneSided.uasset" 240
"../../../Engine/Content/EngineMaterials/Widget3DPassThrough_Translucent.uasset" 241
"../../../Engine/Content/EngineMaterials/Widget3DPassThrough_Translucent_OneSided.uasset" 242
"../../../Engine/Content/EngineMeshes/Cube.uasset" 243
"../../../Engine/Content/EngineMeshes/Cylinder.uasset" 244
"../../../Engine/Content/EngineMeshes/Sphere.uasset" 245
"../../../Engine/Content/EngineResources/DefaultTexture.uasset" 246
"../../../Engine/Content/EngineResources/DefaultTextureCube.uasset" 247
"../../../Engine/Content/EngineResources/GradientTexture0.uasset" 248
"../../../Engine/Content/EngineSounds/Master.uasset" 249
"../../../Engine/Content/Functions/Engine_MaterialFunctions01/Shading/ConvertFromDiffSpec.uasset" 250
"../../../Engine/Content/Functions/Engine_MaterialFunctions01/Shading/PowerToRoughness.uasset" 251
"../../../Engine/Content/Maps/Templates/Thumbnails/Default.uasset" 252
"../../../Engine/Content/Maps/Templates/Thumbnails/VR-Basic.uasset" 253
"../../../Engine/Content/MobileResources/T_MobileControls_texture.uasset" 254
"../../../Engine/Content/MobileResources/T_MobileMenu2.uasset" 255
"../../../Engine/Content/MobileResources/HUD/AnalogHat.uasset" 256
"../../../Engine/Content/MobileResources/HUD/VirtualJoystick_Background.uasset" 257
"../../../Engine/Content/MobileResources/HUD/VirtualJoystick_Thumb.uasset" 258
"../../../Engine/Content/MobileResources/HUD/DefaultVirtualJoysticks.uasset" 259
"../../../Engine/Content/MobileResources/HUD/LeftVirtualJoystickOnly.uasset" 260
"../../../Engine/Content/MobileResources/HUD/MobileHUDButton1_off.uasset" 261
"../../../Engine/Content/MobileResources/HUD/MobileHUDButton1_on.uasset" 262
"../../../Engine/Content/MobileResources/HUD/MobileHUDButton2_off.uasset" 263
"../../../Engine/Content/MobileResources/HUD/MobileHUDButton2_on.uasset" 264
"../../../Engine/Content/MobileResources/HUD/MobileHUDButton3.uasset" 265
"../../../Engine/Content/MobileResources/HUD/MobileHUDButtonFire.uasset" 266
"../../../Engine/Content/MobileResources/HUD/MobileHUDDirectionPad.uasset" 267
"../../../Engine/Content/MobileResources/HUD/MobileHUDDirectionPad2.uasset" 268
"../../../Engine/Content/MobileResources/HUD/MobileHUDDirectionPad3.uasset" 269
"../../../Engine/Content/MobileResources/HUD/MobileHUDDirectionStick.uasset" 270
"../../../Engine/Content/MobileResources/HUD/T_Castle_ThumbstickInner.uasset" 271
"../../../Engine/Content/MobileResources/HUD/T_Castle_ThumbstickOutter.uasset" 272
"../../../Engine/Content/Tutorial/ContentIntroCurve.uasset" 273
"../../../Engine/Content/Tutorial/Basics/TutorialAssets/icon_tab_Levels_40x.uasset" 274
"../../../Engine/Content/Tutorial/BlueprintTutorials/TutorialAssets/BlueprintInterface_64x.uasset" 275
"../../../Engine/Content/Tutorial/BlueprintTutorials/TutorialAssets/BlueprintMacroLibrary_64x.uasset" 276
"../../../Engine/Content/Tutorial/BlueprintTutorials/TutorialAssets/Blueprint_64x.uasset" 277
"../../../Engine/Content/Tutorial/BlueprintTutorials/TutorialAssets/Tutorial_BP_Interface.uasset" 278
"../../../Engine/Content/Tutorial/Foliage/TutorialAssets/Foliage.uasset" 279
"../../../Engine/Content/Tutorial/Landscape/TutorialAssets/Landscape.uasset" 280
"../../../Engine/Content/Tutorial/Paper2D/TutorialAssets/Paper2DFlipbook_TutorialIcon.uasset" 281
"../../../Engine/Content/Tutorial/Paper2D/TutorialAssets/Paper2DSprite_TutorialIcon.uasset" 282
"../../../Engine/Content/Tutorial/SubEditors/TutorialAssets/icon_Editor_Preferences_General_40x.uasset" 283
"../../../Engine/Content/Tutorial/SubEditors/TutorialAssets/icon_ShowSkeletalMeshes_40x.uasset" 284
"../../../Engine/Content/Tutorial/SubEditors/TutorialAssets/TutorialMaterial.uasset" 285
"../../../Engine/Content/Tutorial/SubEditors/TutorialAssets/T_SmokeSubUV_8X8.uasset" 286
"../../../Engine/Content/Tutorial/SubEditors/TutorialAssets/T_soft_smoke.uasset" 287
"../../../Engine/Content/Tutorial/SubEditors/TutorialAssets/M_smoke_subUV_blackbody.uasset" 288
"../../../Engine/Content/Tutorial/SubEditors/TutorialAssets/TutorialParticleSystem.uasset" 289
"../../../Engine/Content/EditorMeshes/EditorCube.uasset" 290
"../../../Engine/Content/Tutorial/SubEditors/TutorialAssets/Tutorial_DM.uasset" 291
"../../../Engine/Content/VREditor/Devices/Generic/GenericHMDMaterial.uasset" 292
"../../../Engine/Content/VREditor/Devices/Generic/GenericHMD.uasset" 293
"../../../Engine/Content/VREditor/FloatingText/LineMaterial.uasset" 294
"../../../Engine/Content/VREditor/FloatingText/JointSphere.uasset" 295
"../../../Engine/Content/VREditor/FloatingText/LineSegmentCylinder.uasset" 296
"../../../Engine/Content/VREditor/Fonts/VRText_RobotoLarge.uasset" 297
"../../../Engine/Content/VREditor/Fonts/VRTextMaterial.uasset" 298
"../../../Engine/Content/VREditor/Fonts/TranslucentVRTextMaterial.uasset" 299
"../../../Engine/Content/VREditor/LaserPointer/CursorPointer.uasset" 300
"../../../Engine/Content/VREditor/LaserPointer/VR_LaserPower_01.uasset" 301
"../../../Engine/Content/VREditor/TransformGizmo/TransformGizmoMaterial.uasset" 302
"../../../Engine/Content/VREditor/LaserPointer/HoverMaterial.uasset" 303
"../../../Engine/Content/VREditor/TransformGizmo/TranslucentTransformGizmoMaterial.uasset" 304
"../../../Engine/Content/VREditor/LaserPointer/TranslucentHoverMaterial.uasset" 305
"../../../Engine/Content/VREditor/LaserPointer/HoverMesh.uasset" 306
"../../../Engine/Content/VREditor/LaserPointer/LaserPointerMaterial.uasset" 307
"../../../Engine/Content/VREditor/LaserPointer/LaserPointerMaterialInst.uasset" 308
"../../../Engine/Content/VREditor/LaserPointer/TranslucentLaserPointerMaterialInst.uasset" 309
"../../../Engine/Content/VREditor/LaserPointer/LaserPointerMesh.uasset" 310
"../../../Engine/Content/VREditor/LaserPointer/LaserPointerMesh_End.uasset" 311
"../../../Engine/Content/VREditor/LaserPointer/LaserPointerMesh_Start.uasset" 312
"../../../Engine/Content/Functions/Engine_MaterialFunctions02/Utility/BreakOutFloat3Components.uasset" 313
"../../../Engine/Content/Functions/Engine_MaterialFunctions02/Math/Transform3x3Matrix.uasset" 314
"../../../Engine/Content/Functions/Engine_MaterialFunctions02/SplitComponents.uasset" 315
"../../../Engine/Content/Functions/Engine_MaterialFunctions02/Utility/MakeFloat3.uasset" 316
"../../../Engine/Content/VREditor/SnapGrid/SnapGridMaterial.uasset" 317
"../../../Engine/Content/VREditor/SnapGrid/SnapGridPlaneMesh.uasset" 318
"../../../Engine/Content/VREditor/Sounds/VR_teleport.uasset" 319
"../../../Engine/Content/VREditor/Sounds/UI/Click_on_Button_Cue.uasset" 320
"../../../Engine/Content/VREditor/Sounds/UI/Dockable_Window_Close.uasset" 321
"../../../Engine/Content/VREditor/Sounds/UI/Dockable_Window_Drop.uasset" 322
"../../../Engine/Content/VREditor/Sounds/UI/Dockable_Window_Open.uasset" 323
"../../../Engine/Content/VREditor/Sounds/UI/Dockable_Window_Pick_Up.uasset" 324
"../../../Engine/Content/VREditor/Sounds/UI/Drop_Item_From_ContentBrowser.uasset" 325
"../../../Engine/Content/VREditor/Sounds/UI/Floating_UI_Open-001.uasset" 326
"../../../Engine/Content/VREditor/Sounds/UI/Gizmo_Handle_Clicked.uasset" 327
"../../../Engine/Content/VREditor/Sounds/UI/Object_PickUp.uasset" 328
"../../../Engine/Content/VREditor/Sounds/UI/Object_Snaps_To_Another_Actor.uasset" 329
"../../../Engine/Content/VREditor/Sounds/UI/Object_Snaps_To_Grid.uasset" 330
"../../../Engine/Content/VREditor/Sounds/UI/Radial_Menu_FadeOut.uasset" 331
"../../../Engine/Content/VREditor/Sounds/UI/Scaling_Down.uasset" 332
"../../../Engine/Content/VREditor/Sounds/UI/Scaling_Up.uasset" 333
"../../../Engine/Content/VREditor/Sounds/UI/Selection_Changes.uasset" 334
"../../../Engine/Content/VREditor/Sounds/UI/Teleport_Mode_Entered.uasset" 335
"../../../Engine/Content/VREditor/Teleport/TeleportDirectionMaterial.uasset" 336
"../../../Engine/Content/VREditor/Teleport/TeleportDirectionMaterial_Inst.uasset" 337
"../../../Engine/Content/VREditor/Teleport/TeleportDirectionMesh.uasset" 338
"../../../Engine/Content/VREditor/TransformGizmo/BoundingBoxCorner.uasset" 339
"../../../Engine/Content/VREditor/TransformGizmo/BoundingBoxEdge.uasset" 340
"../../../Engine/Content/VREditor/TransformGizmo/PlaneTranslationHandle.uasset" 341
"../../../Engine/Content/VREditor/TransformGizmo/RotationHandleFull.uasset" 342
"../../../Engine/Content/VREditor/TransformGizmo/RotationHandleIndicator.uasset" 343
"../../../Engine/Content/VREditor/TransformGizmo/RotationHandleQuarter.uasset" 344
"../../../Engine/Content/VREditor/TransformGizmo/Main.uasset" 345
"../../../Engine/Content/VREditor/TransformGizmo/Xray.uasset" 346
"../../../Engine/Content/VREditor/TransformGizmo/SM_Dialog_Close.uasset" 347
"../../../Engine/Content/VREditor/TransformGizmo/SM_Dialog_Move.uasset" 348
"../../../Engine/Content/VREditor/TransformGizmo/SM_Sequencer_Key.uasset" 349
"../../../Engine/Content/VREditor/TransformGizmo/StartRotationHandleIndicator.uasset" 350
"../../../Engine/Content/VREditor/TransformGizmo/TranslucentTransformGizmoMaterial_Inst.uasset" 351
"../../../Engine/Content/VREditor/TransformGizmo/TransformGizmoFreeRotation.uasset" 352
"../../../Engine/Content/VREditor/TransformGizmo/TransformGizmoMaterial_Inst.uasset" 353
"../../../Engine/Content/VREditor/TransformGizmo/TranslateArrowHandle.uasset" 354
"../../../Engine/Content/VREditor/TransformGizmo/UniformScaleHandle.uasset" 355
"../../../Engine/Content/VREditor/UI/KeyDiskMaterial.uasset" 356
"../../../Engine/Content/VREditor/UI/DiscMaterial.uasset" 357
"../../../Engine/Content/VREditor/UI/SM_Radial_Disk.uasset" 358
"../../../Engine/Content/Functions/Engine_MaterialFunctions01/Gradient/RadialGradient.uasset" 359
"../../../Engine/Content/VREditor/WorldMovementGrid/SimpleGrid.uasset" 360
"../../../Engine/Content/VREditor/WorldMovementGrid/GridMaterial.uasset" 361
"../../../Engine/Content/Functions/Engine_MaterialFunctions01/Density/ExponentialDensity.uasset" 362
"../../../Engine/Content/VREditor/WorldMovementGrid/GridPostProcess.uasset" 363
"../../../Engine/Content/EditorLandscapeResources/FlattenHeightMat.uasset" 364
"../../../Engine/Content/VREditor/WorldMovementGrid/PlaneMesh.uasset" 365
"../../../Engine/Plugins/2D/Paper2D/Content/PlaceholderTextures/DummySpriteTexture.uasset" 366
"../../../Engine/Plugins/2D/Paper2D/Content/DummySprite.uasset" 367
"../../../Engine/Plugins/2D/Paper2D/Content/DefaultPaperTerrainMaterial.uasset" 368
"../../../Engine/Plugins/2D/Paper2D/Content/DefaultSpriteMaterial.uasset" 369
"../../../Engine/Plugins/2D/Paper2D/Content/MaskedUnlitSpriteMaterial.uasset" 370
"../../../Engine/Plugins/2D/Paper2D/Content/OpaqueUnlitSpriteMaterial.uasset" 371
"../../../Engine/Plugins/Runtime/Oculus/OculusVR/Content/Textures/GearVRController_AO.uasset" 372
"../../../Engine/Plugins/Runtime/Oculus/OculusVR/Content/Textures/GearVRController_Color.uasset" 373
"../../../Engine/Plugins/Runtime/Oculus/OculusVR/Content/Textures/GearVRController_Normal.uasset" 374
"../../../Engine/Plugins/Runtime/Oculus/OculusVR/Content/Materials/GearVRControllerMaterial.uasset" 375
"../../../Engine/Plugins/Runtime/Oculus/OculusVR/Content/Meshes/GearVrController.uasset" 376
"../../../Engine/Content/EngineSky/C_Sky_Cloud_Color.uasset" 377
"../../../Engine/Content/EngineSky/C_Sky_Horizon_Color.uasset" 378
"../../../Engine/Content/EngineSky/C_Sky_Zenith_Color.uasset" 379
"../../../Engine/Content/EngineSky/T_Sky_Blue.uasset" 380
"../../../Engine/Content/EngineSky/T_Sky_Clouds_M.uasset" 381
"../../../Engine/Content/EngineSky/T_Sky_Stars.uasset" 382
"../../../Engine/Content/EngineSky/M_Sky_Panning_Clouds2.uasset" 383
"../../../Engine/Content/EngineSky/SM_SkySphere.uasset" 384
"../../../Engine/Content/EngineSky/BP_Sky_Sphere.uasset" 385
"../../../PlatformingPrototype/Content/Maps/CloccTower_BuiltData.uasset" 386
"../../../Engine/Content/BasicShapes/BasicShapeMaterial.uasset" 387
"../../../Engine/Content/BasicShapes/Cube.uasset" 388
"../../../Engine/Content/BasicShapes/Cylinder.uasset" 389
"../../../Engine/Content/MapTemplates/SM_Template_Map_Floor.uasset" 390
"../../../PlatformingPrototype/Content/Maps/CloccTower.umap" 391
"../../../PlatformingPrototype/Content/Maps/ForestLevelStart_BuiltData.uasset" 392
"../../../PlatformingPrototype/Content/Maps/ForestLevelStart.umap" 393
"../../../PlatformingPrototype/Content/Maps/ForestTomb_BuiltData.uasset" 394
"../../../PlatformingPrototype/Content/Maps/ForestTomb.umap" 395
"../../../PlatformingPrototype/Content/Maps/rafpuzzleting_BuiltData.uasset" 396
"../../../PlatformingPrototype/Content/Maps/rafpuzzleting.umap" 397
"../../../PlatformingPrototype/Content/Art_Assets/Cat/CatTextBP.uasset" 398
"../../../PlatformingPrototype/Content/Art_Assets/Portal_Stone1.uasset" 399
"../../../PlatformingPrototype/Content/Art_Assets/BP_portalstone.uasset" 400
"../../../PlatformingPrototype/Content/Art_Assets/Skybox/sky_blueprint.uasset" 401
"../../../PlatformingPrototype/Content/Anim/RunLoop_Anim_Take_002.uasset" 402
"../../../PlatformingPrototype/Content/Anim/Sprint_BS.uasset" 403
"../../../PlatformingPrototype/Content/Anim/Walk_BS.uasset" 404
"../../../PlatformingPrototype/Content/Anim/Character_BP.uasset" 405
"../../../PlatformingPrototype/Content/ThirdPersonBP/Blueprints/BP_Platform.uasset" 406
"../../../PlatformingPrototype/Content/Material/Dissolve.uasset" 407
"../../../PlatformingPrototype/Content/Anim/lambert3.uasset" 408
"../../../PlatformingPrototype/Content/Anim/idle_PhysicsAsset.uasset" 409
"../../../PlatformingPrototype/Content/Anim/idle.uasset" 410
"../../../PlatformingPrototype/Content/Art_Assets/UI_test/Astral.uasset" 411
"../../../PlatformingPrototype/Content/Art_Assets/UI_test/AstralActive.uasset" 412
"../../../PlatformingPrototype/Content/Art_Assets/UI_test/Grapple.uasset" 413
"../../../PlatformingPrototype/Content/Art_Assets/UI_test/GrappleActive.uasset" 414
"../../../PlatformingPrototype/Content/Art_Assets/UI_test/hand.uasset" 415
"../../../PlatformingPrototype/Content/Art_Assets/UI_test/HandActive.uasset" 416
"../../../PlatformingPrototype/Content/Art_Assets/UI_test/Platform.uasset" 417
"../../../PlatformingPrototype/Content/Art_Assets/UI_test/PlatformActive.uasset" 418
"../../../PlatformingPrototype/Content/ThirdPersonBP/Blueprints/PlayerAbilities.uasset" 419
"../../../PlatformingPrototype/Content/Art_Assets/UI_test/HUD.uasset" 420
"../../../PlatformingPrototype/Content/Art_Assets/UI_test/fern-k-gwydion-broom-view.uasset" 421
"../../../PlatformingPrototype/Content/Art_Assets/UI_test/Pause_Menu.uasset" 422
"../../../PlatformingPrototype/Content/ThirdPersonBP/Blueprints/Crosshair.uasset" 423
"../../../PlatformingPrototype/Content/Material/GreyOverlay.uasset" 424
"../../../PlatformingPrototype/Content/ThirdPersonBP/Blueprints/GreyWidget.uasset" 425
"../../../PlatformingPrototype/Content/ThirdPersonBP/Blueprints/ThirdPersonCharacter.uasset" 426
"../../../PlatformingPrototype/Content/Maps/TownBlockout_BuiltData.uasset" 427
"../../../PlatformingPrototype/Content/Art_Assets/Skybox/Town_Skybox.uasset" 428
"../../../PlatformingPrototype/Content/Art_Assets/Skybox/Sky_Material.uasset" 429
"../../../Engine/Content/EngineMaterials/DefaultPhysicalMaterial.uasset" 430
"../../../PlatformingPrototype/Content/Art_Assets/Cat/Cat_Albedo_test.uasset" 431
"../../../PlatformingPrototype/Content/Art_Assets/Cat/lambert1.uasset" 432
"../../../PlatformingPrototype/Content/Art_Assets/Cat/Cat_Blockout.uasset" 433
"../../../Engine/Content/Functions/Engine_MaterialFunctions01/Gradient/RadialGradientExponential.uasset" 434
"../../../PlatformingPrototype/Content/Art_Assets/circle.uasset" 435
"../../../PlatformingPrototype/Content/Art_Assets/Floaty_bois.uasset" 436
"../../../PlatformingPrototype/Content/Art_Assets/LUT/TestLUT1.uasset" 437
"../../../PlatformingPrototype/Content/Art_Assets/Portal_Stairs.uasset" 438
"../../../PlatformingPrototype/Content/Audio/Background_Music/Town_Background_Music.uasset" 439
"../../../PlatformingPrototype/Content/Audio/Background_Music/Town_Background_Music_Cue.uasset" 440
"../../../PlatformingPrototype/Content/Geometry/LV_0_Town-Buildings/Clock_Tower.uasset" 441
"../../../PlatformingPrototype/Content/Geometry/LV_0_Town-Buildings/Witch_House.uasset" 442
"../../../PlatformingPrototype/Content/Geometry/LV_0_Town-Buildings/Small_House.uasset" 443
"../../../PlatformingPrototype/Content/Geometry/LV_0_Town-Buildings/Tall_House.uasset" 444
"../../../PlatformingPrototype/Content/Geometry/LV_0_Town-Buildings/Tall_House_2.uasset" 445
"../../../PlatformingPrototype/Content/Geometry/LV_0_Town-Buildings/Well.uasset" 446
"../../../PlatformingPrototype/Content/Geometry/LV_0_Town-Buildings/Wonky_House.uasset" 447
"../../../PlatformingPrototype/Content/Geometry/LV_0_Town-Buildings/Wonky_House_2.uasset" 448
"../../../PlatformingPrototype/Content/Geometry/LV_0_Town-Buildings/Wonky_House_3.uasset" 449
"../../../PlatformingPrototype/Content/Maps/TownBlockout.umap" 450
"../../../PlatformingPrototype/Content/Art_Assets/Cat/CatTextBPForest.uasset" 451
"../../../PlatformingPrototype/Content/Art_Assets/Cat/CatTextBPTopForest.uasset" 452
"../../../PlatformingPrototype/Content/FIXEDSTONEPUZZLE_BuiltData.uasset" 453
"../../../PlatformingPrototype/Content/Art_Assets/Free_Assets/Env_Plains_Background/Textures/T_Env_Plains_Mountain01_D.uasset" 454
"../../../PlatformingPrototype/Content/Art_Assets/Free_Assets/Env_Plains_Background/Textures/T_Env_Plains_Mountain01_N.uasset" 455
"../../../PlatformingPrototype/Content/Art_Assets/Free_Assets/Env_Plains_Background/Materials/M_Env_Plains_Mountain01.uasset" 456
"../../../PlatformingPrototype/Content/Art_Assets/Free_Assets/Env_Plains_Flora/Textures/T_Plains_Tree01_D.uasset" 457
"../../../PlatformingPrototype/Content/Art_Assets/Free_Assets/Env_Plains_Flora/Textures/T_Plains_Tree01_N.uasset" 458
"../../../PlatformingPrototype/Content/Art_Assets/Free_Assets/Env_Plains_Flora/Materials/M_Plains_Tree_Stump01.uasset" 459
"../../../PlatformingPrototype/Content/Art_Assets/Free_Assets/Env_Plains_Organic/Textures/T_Plains_Ground01_D.uasset" 460
"../../../PlatformingPrototype/Content/Art_Assets/Free_Assets/Env_Plains_Organic/Textures/T_Plains_Ground01_N.uasset" 461
"../../../PlatformingPrototype/Content/Art_Assets/Free_Assets/Env_Plains_Organic/Materials/M_Plains_GroundBrick.uasset" 462
"../../../PlatformingPrototype/Content/Art_Assets/Free_Assets/Env_Plains_Organic/Textures/T_Plains_Rock02_D.uasset" 463
"../../../PlatformingPrototype/Content/Art_Assets/Free_Assets/Env_Plains_Organic/Textures/T_Plains_Rock02_N.uasset" 464
"../../../PlatformingPrototype/Content/Art_Assets/Free_Assets/Env_Plains_Organic/Materials/M_Plains_LargeRock.uasset" 465
"../../../PlatformingPrototype/Content/Art_Assets/Free_Assets/T_Grass02_D.uasset" 466
"../../../PlatformingPrototype/Content/Art_Assets/Free_Assets/M_Grass02.uasset" 467
"../../../PlatformingPrototype/Content/Art_Assets/Runes/rune1.uasset" 468
"../../../PlatformingPrototype/Content/Art_Assets/Runes/rune1_Mat.uasset" 469
"../../../PlatformingPrototype/Content/Art_Assets/Runes/rune2.uasset" 470
"../../../PlatformingPrototype/Content/Art_Assets/Runes/rune2_Mat.uasset" 471
"../../../PlatformingPrototype/Content/Art_Assets/Runes/rune3.uasset" 472
"../../../PlatformingPrototype/Content/Art_Assets/Runes/rune3_Mat.uasset" 473
"../../../PlatformingPrototype/Content/Art_Assets/Runes/rune4.uasset" 474
"../../../PlatformingPrototype/Content/Art_Assets/Runes/rune4_Mat.uasset" 475
"../../../PlatformingPrototype/Content/Art_Assets/Runes/rune5.uasset" 476
"../../../PlatformingPrototype/Content/Art_Assets/Runes/rune5_Mat.uasset" 477
"../../../PlatformingPrototype/Content/Art_Assets/Runes/rune6.uasset" 478
"../../../PlatformingPrototype/Content/Art_Assets/Runes/rune6_Mat.uasset" 479
"../../../PlatformingPrototype/Content/Art_Assets/Runes/rune7.uasset" 480
"../../../PlatformingPrototype/Content/Art_Assets/Runes/rune7_Mat.uasset" 481
"../../../PlatformingPrototype/Content/Art_Assets/Runes/rune8.uasset" 482
"../../../PlatformingPrototype/Content/Art_Assets/Runes/rune8_Mat.uasset" 483
"../../../PlatformingPrototype/Content/Art_Assets/Water/IKT4l.uasset" 484
"../../../PlatformingPrototype/Content/Art_Assets/Water/Untitled.uasset" 485
"../../../PlatformingPrototype/Content/Art_Assets/Water/M_Water.uasset" 486
"../../../PlatformingPrototype/Content/Material/Dirt.uasset" 487
"../../../PlatformingPrototype/Content/Material/gROUNDbOI.uasset" 488
"../../../PlatformingPrototype/Content/Material/sTONEbOI1.uasset" 489
"../../../PlatformingPrototype/Content/Material/sTONEbOI2.uasset" 490
"../../../PlatformingPrototype/Content/Material/sTONEbOI3.uasset" 491
"../../../PlatformingPrototype/Content/Material/sTONEbOI4.uasset" 492
"../../../PlatformingPrototype/Content/wood_road_light_fog_morning_beams_secret_47225_2560x1440.uasset" 493
"../../../PlatformingPrototype/Content/wood_road_light_fog_morning_beams_secret_47225_2560x1440_Mat.uasset" 494
"../../../PlatformingPrototype/Content/Art_Assets/Free_Assets/Env_Plains_Background/StaticMesh/SM_Env_Plains_Mountain_01.uasset" 495
"../../../PlatformingPrototype/Content/Art_Assets/Free_Assets/Env_Plains_Flora/StaticMesh/SM_Plains_Tree_Branch01.uasset" 496
"../../../PlatformingPrototype/Content/Art_Assets/Free_Assets/Env_Plains_Flora/StaticMesh/SM_Plains_Tree_Stump01.uasset" 497
"../../../PlatformingPrototype/Content/Art_Assets/Free_Assets/Env_Plains_Organic/StaticMesh/SM_Plains_GroundBrick01.uasset" 498
"../../../PlatformingPrototype/Content/Art_Assets/Free_Assets/Env_Plains_Organic/StaticMesh/SM_Plains_LargeRock_SpireLOD2.uasset" 499
"../../../PlatformingPrototype/Content/Art_Assets/LUT/TestLUTBnW.uasset" 500
"../../../PlatformingPrototype/Content/Art_Assets/Rocks/Rock-Texture-HD-Wallpapers-For-Pc.uasset" 501
"../../../PlatformingPrototype/Content/Art_Assets/Rocks/Rock1_map_normals.uasset" 502
"../../../PlatformingPrototype/Content/Art_Assets/Rocks/Rock1_map_occlusion.uasset" 503
"../../../PlatformingPrototype/Content/Art_Assets/Rocks/M_Rock1.uasset" 504
"../../../PlatformingPrototype/Content/Art_Assets/Rocks/Rock1_L.uasset" 505
"../../../PlatformingPrototype/Content/Art_Assets/Rocks/Rock2_map_normals.uasset" 506
"../../../PlatformingPrototype/Content/Art_Assets/Rocks/Rock2_map_occlusion.uasset" 507
"../../../PlatformingPrototype/Content/Art_Assets/Rocks/M_Rock2.uasset" 508
"../../../PlatformingPrototype/Content/Art_Assets/Rocks/Rock2_L.uasset" 509
"../../../PlatformingPrototype/Content/Art_Assets/Waterfall_texture_1.uasset" 510
"../../../PlatformingPrototype/Content/Art_Assets/Waterfall.uasset" 511
"../../../PlatformingPrototype/Content/Art_Assets/Waterfall_splash.uasset" 512
"../../../PlatformingPrototype/Content/Geometry/Meshes/1M_Cube.uasset" 513
"../../../PlatformingPrototype/Content/FIXEDSTONEPUZZLE.umap" 514
"../../../PlatformingPrototype/Content/ForestPuzzle.umap" 515
"../../../PlatformingPrototype/Content/PortalTest.umap" 516
"../../../PlatformingPrototype/Content/ThirdPersonBP/Blueprints/ThirdPersonGameMode.uasset" 517
"../../../PlatformingPrototype/Content/Art_Assets/UI_test/Main_Menu.uasset" 518
"../../../PlatformingPrototype/Content/Art_Assets/UI_test/Main.umap" 519
"../../../PlatformingPrototype/Content/ThirdPersonBP/Blueprints/VR_Bird/VR_Bird.uasset" 520
"../../../PlatformingPrototype/Content/ThirdPersonBP/Blueprints/VR_Bird/VR_Flying.uasset" 521
"../../../Engine/Content/VREditor/BasicMeshes/T_CleanFloorGrunge_01_D.uasset" 522
"../../../Engine/Content/VREditor/BasicMeshes/M_Floor_01.uasset" 523
"../../../Engine/Content/VREditor/BasicMeshes/MI_Ball_01.uasset" 524
"../../../Engine/Content/VREditor/BasicMeshes/SM_Ball_01.uasset" 525
"../../../Engine/Content/VREditor/BasicMeshes/MI_Cube_01.uasset" 526
"../../../Engine/Content/VREditor/BasicMeshes/SM_Cube_01.uasset" 527
"../../../Engine/Content/VREditor/BasicMeshes/MI_Cube_02.uasset" 528
"../../../Engine/Content/VREditor/BasicMeshes/SM_Cube_02.uasset" 529
"../../../Engine/Content/VREditor/BasicMeshes/MI_Cube_03.uasset" 530
"../../../Engine/Content/VREditor/BasicMeshes/SM_Cube_03.uasset" 531
"../../../Engine/Content/VREditor/BasicMeshes/MI_Pyramid_01.uasset" 532
"../../../Engine/Content/VREditor/BasicMeshes/SM_Pyramid_01.uasset" 533
"../../../Engine/Content/VREditor/BasicMeshes/SM_Room_01.uasset" 534
"../../../PlatformingPrototype/Content/ThirdPersonBP/Blueprints/VR_Bird/VRTestLevel.umap" 535
"../../../PlatformingPrototype/Content/ThirdPersonBP/Maps/ThirdPersonExampleMap_BuiltData.uasset" 536
"../../../PlatformingPrototype/Content/Geometry/Meshes/1M_Cube_Chamfer.uasset" 537
"../../../PlatformingPrototype/Content/ThirdPerson/Meshes/LeftArm_StaticMesh.uasset" 538
"../../../PlatformingPrototype/Content/ThirdPerson/Meshes/Linear_Stair_StaticMesh.uasset" 539
"../../../PlatformingPrototype/Content/ThirdPerson/Meshes/Ramp_StaticMesh.uasset" 540
"../../../PlatformingPrototype/Content/ThirdPerson/Meshes/RightArm_StaticMesh.uasset" 541
"../../../PlatformingPrototype/Content/ThirdPersonBP/Maps/ThirdPersonExampleMap.umap" 542
"../../../Engine/Content/Maps/Entry.umap" 543
